0 info it worked if it ends with ok
1 verbose cli [ '/home/jcyu/n/bin/node',
1 verbose cli   '/home/jcyu/n/bin/npm',
1 verbose cli   'run',
1 verbose cli   'build:dev' ]
2 info using npm@3.10.10
3 info using node@v6.9.5
4 verbose run-script [ 'prebuild:dev', 'build:dev', 'postbuild:dev' ]
5 info lifecycle sgn-tpl@1.0.0~prebuild:dev: sgn-tpl@1.0.0
6 verbose lifecycle sgn-tpl@1.0.0~prebuild:dev: unsafe-perm in lifecycle true
7 verbose lifecycle sgn-tpl@1.0.0~prebuild:dev: PATH: /home/jcyu/n/lib/node_modules/npm/bin/node-gyp-bin:/home/jcyu/Projects/experiment/sgn-tpl/node_modules/.bin:/home/jcyu/bin:/home/jcyu/.local/bin:/opt/apache-maven-3.3.9/bin:/home/jcyu/n/bin:/usr/java/jdk1.8.0_121/bin:/usr/java/jdk1.8.0_121/jre/bin:/home/jcyu/bin:/home/jcyu/.local/bin:/opt/apache-maven-3.3.9/bin:/home/jcyu/n/bin:/usr/java/jdk1.8.0_121/bin:/usr/java/jdk1.8.0_121/jre/bin:/usr/local/sbin:/usr/local/bin:/usr/sbin:/usr/bin:/sbin:/bin:/usr/games:/usr/local/games:/snap/bin:/snap/bin
8 verbose lifecycle sgn-tpl@1.0.0~prebuild:dev: CWD: /home/jcyu/Projects/experiment/sgn-tpl
9 silly lifecycle sgn-tpl@1.0.0~prebuild:dev: Args: [ '-c', 'npm run prebuild' ]
10 silly lifecycle sgn-tpl@1.0.0~prebuild:dev: Returned: code: 0  signal: null
11 info lifecycle sgn-tpl@1.0.0~build:dev: sgn-tpl@1.0.0
12 verbose lifecycle sgn-tpl@1.0.0~build:dev: unsafe-perm in lifecycle true
13 verbose lifecycle sgn-tpl@1.0.0~build:dev: PATH: /home/jcyu/n/lib/node_modules/npm/bin/node-gyp-bin:/home/jcyu/Projects/experiment/sgn-tpl/node_modules/.bin:/home/jcyu/bin:/home/jcyu/.local/bin:/opt/apache-maven-3.3.9/bin:/home/jcyu/n/bin:/usr/java/jdk1.8.0_121/bin:/usr/java/jdk1.8.0_121/jre/bin:/home/jcyu/bin:/home/jcyu/.local/bin:/opt/apache-maven-3.3.9/bin:/home/jcyu/n/bin:/usr/java/jdk1.8.0_121/bin:/usr/java/jdk1.8.0_121/jre/bin:/usr/local/sbin:/usr/local/bin:/usr/sbin:/usr/bin:/sbin:/bin:/usr/games:/usr/local/games:/snap/bin:/snap/bin
14 verbose lifecycle sgn-tpl@1.0.0~build:dev: CWD: /home/jcyu/Projects/experiment/sgn-tpl
15 silly lifecycle sgn-tpl@1.0.0~build:dev: Args: [ '-c', 'cross-env NODE_ENV=DEV webpack -p --colors' ]
16 silly lifecycle sgn-tpl@1.0.0~build:dev: Returned: code: 2  signal: null
17 info lifecycle sgn-tpl@1.0.0~build:dev: Failed to exec build:dev script
18 verbose stack Error: sgn-tpl@1.0.0 build:dev: `cross-env NODE_ENV=DEV webpack -p --colors`
18 verbose stack Exit status 2
18 verbose stack     at EventEmitter.<anonymous> (/home/jcyu/n/lib/node_modules/npm/lib/utils/lifecycle.js:255:16)
18 verbose stack     at emitTwo (events.js:106:13)
18 verbose stack     at EventEmitter.emit (events.js:191:7)
18 verbose stack     at ChildProcess.<anonymous> (/home/jcyu/n/lib/node_modules/npm/lib/utils/spawn.js:40:14)
18 verbose stack     at emitTwo (events.js:106:13)
18 verbose stack     at ChildProcess.emit (events.js:191:7)
18 verbose stack     at maybeClose (internal/child_process.js:877:16)
18 verbose stack     at Process.ChildProcess._handle.onexit (internal/child_process.js:226:5)
19 verbose pkgid sgn-tpl@1.0.0
20 verbose cwd /home/jcyu/Projects/experiment/sgn-tpl
21 error Linux 4.8.0-41-generic
22 error argv "/home/jcyu/n/bin/node" "/home/jcyu/n/bin/npm" "run" "build:dev"
23 error node v6.9.5
24 error npm  v3.10.10
25 error code ELIFECYCLE
26 error sgn-tpl@1.0.0 build:dev: `cross-env NODE_ENV=DEV webpack -p --colors`
26 error Exit status 2
27 error Failed at the sgn-tpl@1.0.0 build:dev script 'cross-env NODE_ENV=DEV webpack -p --colors'.
27 error Make sure you have the latest version of node.js and npm installed.
27 error If you do, this is most likely a problem with the sgn-tpl package,
27 error not with npm itself.
27 error Tell the author that this fails on your system:
27 error     cross-env NODE_ENV=DEV webpack -p --colors
27 error You can get information on how to open an issue for this project with:
27 error     npm bugs sgn-tpl
27 error Or if that isn't available, you can get their info via:
27 error     npm owner ls sgn-tpl
27 error There is likely additional logging output above.
28 verbose exit [ 1, true ]
